[    1071ms] [INFO] %cDownload the React DevTools for a better development experience: https://reactjs.org/link/react-devtools font-weight:bold @ http://localhost:5173/node_modules/.vite/deps/chunk-SXRIVT2P.js?v=6976fc36:21608
[    1134ms] [LOG] [Auth] Initializing... @ http://localhost:5173/src/context/AuthContext.tsx:135
[    1135ms] [LOG] [Auth] Initializing... @ http://localhost:5173/src/context/AuthContext.tsx:135
[    1136ms] [LOG] [Auth] Auth gates cleared, initializing app. @ http://localhost:5173/src/context/AuthContext.tsx:128
[    1152ms] [LOG] You're now in debug mode. All calls to PostHog will be logged in your console.
You can disable this with `posthog.debug(false)`. @ http://localhost:5173/node_modules/.vite/deps/posthog-js.js?v=6976fc36:2880
[    1152ms] [LOG] [PostHog.js] set_config {config: Object, oldConfig: Object, newConfig: Object} @ http://localhost:5173/node_modules/.vite/deps/posthog-js.js?v=6976fc36:552
[    1179ms] [LOG] [Auth] onAuthStateChange: INITIAL_SESSION @ http://localhost:5173/node_modules/.vite/deps/@sentry_react.js?v=6976fc36:7054
[    1238ms] [LOG] [PostHog.js] [SessionId] new session ID generated {sessionId: 019d5bb0-fb4f-7e9f-bb38-e4dd84de035b, windowId: 019d5bb0-fb4f-7e9f-bb38-e4de110fda91, changeReason: Object} @ http://localhost:5173/node_modules/.vite/deps/@sentry_react.js?v=6976fc36:7054
[    1239ms] [LOG] [PostHog.js] send "$pageview" {uuid: 019d5bb0-fb19-7a53-a29d-895fc04928e8, event: $pageview, properties: Object, timestamp: Sun Apr 05 2026 07:30:18 GMT+0400 (Gulf Standard Time)} @ http://localhost:5173/node_modules/.vite/deps/@sentry_react.js?v=6976fc36:7054
[    1241ms] [ERROR] Failed to load resource: the server responded with a status of 404 () @ https://eu-assets.i.posthog.com/array/phc_LUT7IC9GM2aRYnjGLMsAons1ofqf4XKOXP5avbQwkxF/config.js:0
[    1241ms] [ERROR] Refused to execute script from 'https://eu-assets.i.posthog.com/array/phc_LUT7IC9GM2aRYnjGLMsAons1ofqf4XKOXP5avbQwkxF/config.js' because its MIME type ('application/json') is not executable, and strict MIME type checking is enabled. @ http://localhost:5173/toolbox:0
[    1254ms] [LOG] [PostHog.js] [RemoteConfig] No config found after loading remote JS config. Falling back to JSON. @ http://localhost:5173/node_modules/.vite/deps/@sentry_react.js?v=6976fc36:7054
[    1539ms] [ERROR] Failed to load resource: the server responded with a status of 404 () @ https://eu-assets.i.posthog.com/array/phc_LUT7IC9GM2aRYnjGLMsAons1ofqf4XKOXP5avbQwkxF/config?ip=0&_=1775359818591&ver=1.359.1:0
[    1540ms] [ERROR] [PostHog.js] Bad HTTP status: 404 {"type":"invalid_request","code":"not_found","detail":"Not found.","attr":null} @ http://localhost:5173/node_modules/.vite/deps/@sentry_react.js?v=6976fc36:7054
[    1540ms] [ERROR] [PostHog.js] [RemoteConfig] Failed to fetch remote config from PostHog. @ http://localhost:5173/node_modules/.vite/deps/@sentry_react.js?v=6976fc36:7054
[    1540ms] [LOG] [PostHog.js] Persistence loaded sessionStorage {$sdk_debug_extensions_init_method: synchronous, $sdk_debug_extensions_init_time_ms: 1, $referrer: $direct, $referring_domain: $direct} @ http://localhost:5173/node_modules/.vite/deps/@sentry_react.js?v=6976fc36:7054
[    1540ms] [LOG] [PostHog.js] set_config {config: Object, oldConfig: Object, newConfig: Object} @ http://localhost:5173/node_modules/.vite/deps/@sentry_react.js?v=6976fc36:7054
[    1541ms] [WARNING] [PostHog.js] [Surveys] Flags not loaded yet. Not loading surveys. @ http://localhost:5173/node_modules/.vite/deps/@sentry_react.js?v=6976fc36:7054
[    1541ms] [WARNING] <meta name="apple-mobile-web-app-capable" content="yes"> is deprecated. Please include <meta name="mobile-web-app-capable" content="yes"> @ http://localhost:5173/login:0
[    2245ms] [ERROR] Failed to load resource: the server responded with a status of 401 () @ https://eu.posthog.com/flags/?v=2&ip=0&_=1775359818885&ver=1.359.1&compression=base64:0
[    2246ms] [WARNING] [PostHog.js] [RateLimiter] could not rate limit - continuing. Error: "Unexpected token 'T', "The provid"... is not valid JSON" {text: The provided API key is invalid or has expired. Please check your API key and try again.} @ http://localhost:5173/node_modules/.vite/deps/@sentry_react.js?v=6976fc36:7054
[    2246ms] [ERROR] [PostHog.js] Bad HTTP status: 401 The provided API key is invalid or has expired. Please check your API key and try again. @ http://localhost:5173/node_modules/.vite/deps/@sentry_react.js?v=6976fc36:7054
[    2246ms] [WARNING] [PostHog.js] [FeatureFlags] Using an older version of the feature flags endpoint. Please upgrade your PostHog server to the latest version @ http://localhost:5173/node_modules/.vite/deps/@sentry_react.js?v=6976fc36:7054
[    2714ms] [VERBOSE] [DOM] Input elements should have autocomplete attributes (suggested: "current-password"): (More info: https://goo.gl/9p2vKq) %o @ http://localhost:5173/login:0
[   22129ms] [LOG] [PostHog.js] send "$pageleave" {uuid: 019d5bb1-4ce7-744f-bbb5-7f44a04a8e2b, event: $pageleave, properties: Object, timestamp: Sun Apr 05 2026 07:30:39 GMT+0400 (Gulf Standard Time)} @ http://localhost:5173/node_modules/.vite/deps/@sentry_react.js?v=6976fc36:7054
[   22329ms] [INFO] %cDownload the React DevTools for a better development experience: https://reactjs.org/link/react-devtools font-weight:bold @ http://localhost:5173/node_modules/.vite/deps/chunk-SXRIVT2P.js?v=6976fc36:21608
[   22409ms] [LOG] [Auth] Initializing... @ http://localhost:5173/src/context/AuthContext.tsx:135
[   22410ms] [LOG] [Auth] Initializing... @ http://localhost:5173/src/context/AuthContext.tsx:135
[   22410ms] [LOG] [Auth] Auth gates cleared, initializing app. @ http://localhost:5173/src/context/AuthContext.tsx:128
[   22412ms] [LOG] You're now in debug mode. All calls to PostHog will be logged in your console.
You can disable this with `posthog.debug(false)`. @ http://localhost:5173/node_modules/.vite/deps/posthog-js.js?v=6976fc36:2880
[   22412ms] [LOG] [PostHog.js] set_config {config: Object, oldConfig: Object, newConfig: Object} @ http://localhost:5173/node_modules/.vite/deps/posthog-js.js?v=6976fc36:552
[   22422ms] [LOG] [Auth] onAuthStateChange: INITIAL_SESSION @ http://localhost:5173/node_modules/.vite/deps/@sentry_react.js?v=6976fc36:7054
[   22424ms] [ERROR] Failed to load resource: the server responded with a status of 404 () @ https://eu-assets.i.posthog.com/array/phc_LUT7IC9GM2aRYnjGLMsAons1ofqf4XKOXP5avbQwkxF/config.js:0
[   22424ms] [ERROR] Refused to execute script from 'https://eu-assets.i.posthog.com/array/phc_LUT7IC9GM2aRYnjGLMsAons1ofqf4XKOXP5avbQwkxF/config.js' because its MIME type ('application/json') is not executable, and strict MIME type checking is enabled. @ http://localhost:5173/login:0
[   22426ms] [LOG] [PostHog.js] send "$pageview" {uuid: 019d5bb1-4e13-7b03-812c-63f63dd67c6a, event: $pageview, properties: Object, timestamp: Sun Apr 05 2026 07:30:39 GMT+0400 (Gulf Standard Time)} @ http://localhost:5173/node_modules/.vite/deps/@sentry_react.js?v=6976fc36:7054
[   22928ms] [LOG] [PostHog.js] [RemoteConfig] No config found after loading remote JS config. Falling back to JSON. @ http://localhost:5173/node_modules/.vite/deps/@sentry_react.js?v=6976fc36:7054
[   22930ms] [WARNING] <meta name="apple-mobile-web-app-capable" content="yes"> is deprecated. Please include <meta name="mobile-web-app-capable" content="yes"> @ http://localhost:5173/login:0
[   23188ms] [ERROR] Failed to load resource: the server responded with a status of 404 () @ https://eu-assets.i.posthog.com/array/phc_LUT7IC9GM2aRYnjGLMsAons1ofqf4XKOXP5avbQwkxF/config?ip=0&_=1775359840265&ver=1.359.1:0
[   23189ms] [VERBOSE] [DOM] Input elements should have autocomplete attributes (suggested: "current-password"): (More info: https://goo.gl/9p2vKq) %o @ http://localhost:5173/login:0
[   23189ms] [ERROR] [PostHog.js] Bad HTTP status: 404 {"type":"invalid_request","code":"not_found","detail":"Not found.","attr":null} @ http://localhost:5173/node_modules/.vite/deps/@sentry_react.js?v=6976fc36:7054
[   23189ms] [ERROR] [PostHog.js] [RemoteConfig] Failed to fetch remote config from PostHog. @ http://localhost:5173/node_modules/.vite/deps/@sentry_react.js?v=6976fc36:7054
[   23190ms] [LOG] [PostHog.js] Persistence loaded sessionStorage {$sdk_debug_extensions_init_method: synchronous, $sdk_debug_extensions_init_time_ms: 0, $referrer: $direct, $referring_domain: $direct} @ http://localhost:5173/node_modules/.vite/deps/@sentry_react.js?v=6976fc36:7054
[   23190ms] [LOG] [PostHog.js] set_config {config: Object, oldConfig: Object, newConfig: Object} @ http://localhost:5173/node_modules/.vite/deps/@sentry_react.js?v=6976fc36:7054
[   23190ms] [WARNING] [PostHog.js] [Surveys] Flags not loaded yet. Not loading surveys. @ http://localhost:5173/node_modules/.vite/deps/@sentry_react.js?v=6976fc36:7054
[   23336ms] [ERROR] Failed to load resource: the server responded with a status of 401 () @ https://eu.posthog.com/flags/?v=2&ip=0&_=1775359840534&ver=1.359.1&compression=base64:0
[   23336ms] [WARNING] [PostHog.js] [RateLimiter] could not rate limit - continuing. Error: "Unexpected token 'T', "The provid"... is not valid JSON" {text: The provided API key is invalid or has expired. Please check your API key and try again.} @ http://localhost:5173/node_modules/.vite/deps/@sentry_react.js?v=6976fc36:7054
[   23336ms] [ERROR] [PostHog.js] Bad HTTP status: 401 The provided API key is invalid or has expired. Please check your API key and try again. @ http://localhost:5173/node_modules/.vite/deps/@sentry_react.js?v=6976fc36:7054
[   23336ms] [WARNING] [PostHog.js] [FeatureFlags] Using an older version of the feature flags endpoint. Please upgrade your PostHog server to the latest version @ http://localhost:5173/node_modules/.vite/deps/@sentry_react.js?v=6976fc36:7054
[  324191ms] [ERROR] Failed to load resource: the server responded with a status of 401 () @ https://eu.posthog.com/flags/?v=2&ip=0&_=1775360140664&ver=1.359.1&compression=base64:0
[  324194ms] [WARNING] [PostHog.js] [RateLimiter] could not rate limit - continuing. Error: "Unexpected token 'T', "The provid"... is not valid JSON" {text: The provided API key is invalid or has expired. Please check your API key and try again.} @ http://localhost:5173/node_modules/.vite/deps/@sentry_react.js?v=6976fc36:7054
[  324197ms] [ERROR] [PostHog.js] Bad HTTP status: 401 The provided API key is invalid or has expired. Please check your API key and try again. @ http://localhost:5173/node_modules/.vite/deps/@sentry_react.js?v=6976fc36:7054
[  324200ms] [WARNING] [PostHog.js] [FeatureFlags] Using an older version of the feature flags endpoint. Please upgrade your PostHog server to the latest version @ http://localhost:5173/node_modules/.vite/deps/@sentry_react.js?v=6976fc36:7054
[  364899ms] [LOG] [PostHog.js] send "$pageleave" {uuid: 019d5bb6-87ce-7777-9c0e-6ed5a073fb64, event: $pageleave, properties: Object, timestamp: Sun Apr 05 2026 07:36:22 GMT+0400 (Gulf Standard Time)} @ http://localhost:5173/node_modules/.vite/deps/@sentry_react.js?v=6976fc36:7054
[  365267ms] [INFO] %cDownload the React DevTools for a better development experience: https://reactjs.org/link/react-devtools font-weight:bold @ http://localhost:5173/node_modules/.vite/deps/chunk-SXRIVT2P.js?v=6976fc36:21608
[  365391ms] [LOG] [Auth] Initializing... @ http://localhost:5173/src/context/AuthContext.tsx:135
[  365391ms] [LOG] [Auth] Initializing... @ http://localhost:5173/src/context/AuthContext.tsx:135
[  365392ms] [LOG] [Auth] Auth gates cleared, initializing app. @ http://localhost:5173/src/context/AuthContext.tsx:128
[  365394ms] [LOG] You're now in debug mode. All calls to PostHog will be logged in your console.
You can disable this with `posthog.debug(false)`. @ http://localhost:5173/node_modules/.vite/deps/posthog-js.js?v=6976fc36:2880
[  365394ms] [LOG] [PostHog.js] set_config {config: Object, oldConfig: Object, newConfig: Object} @ http://localhost:5173/node_modules/.vite/deps/posthog-js.js?v=6976fc36:552
[  365436ms] [LOG] [Auth] onAuthStateChange: INITIAL_SESSION @ http://localhost:5173/node_modules/.vite/deps/@sentry_react.js?v=6976fc36:7054
[  365451ms] [LOG] [PostHog.js] send "$pageview" {uuid: 019d5bb6-8a03-7e54-8c83-d83029e41718, event: $pageview, properties: Object, timestamp: Sun Apr 05 2026 07:36:22 GMT+0400 (Gulf Standard Time)} @ http://localhost:5173/node_modules/.vite/deps/@sentry_react.js?v=6976fc36:7054
[  365457ms] [WARNING] <meta name="apple-mobile-web-app-capable" content="yes"> is deprecated. Please include <meta name="mobile-web-app-capable" content="yes"> @ http://localhost:5173/login:0
[  365949ms] [ERROR] Failed to load resource: the server responded with a status of 404 () @ https://eu-assets.i.posthog.com/array/phc_LUT7IC9GM2aRYnjGLMsAons1ofqf4XKOXP5avbQwkxF/config.js:0
[  365949ms] [ERROR] Refused to execute script from 'https://eu-assets.i.posthog.com/array/phc_LUT7IC9GM2aRYnjGLMsAons1ofqf4XKOXP5avbQwkxF/config.js' because its MIME type ('application/json') is not executable, and strict MIME type checking is enabled. @ http://localhost:5173/login:0
[  365956ms] [LOG] [PostHog.js] [RemoteConfig] No config found after loading remote JS config. Falling back to JSON. @ http://localhost:5173/node_modules/.vite/deps/@sentry_react.js?v=6976fc36:7054
[  366104ms] [ERROR] Failed to load resource: the server responded with a status of 404 () @ https://eu-assets.i.posthog.com/array/phc_LUT7IC9GM2aRYnjGLMsAons1ofqf4XKOXP5avbQwkxF/config?ip=0&_=1775360183294&ver=1.359.1:0
[  366108ms] [VERBOSE] [DOM] Input elements should have autocomplete attributes (suggested: "current-password"): (More info: https://goo.gl/9p2vKq) %o @ http://localhost:5173/login:0
[  366109ms] [ERROR] [PostHog.js] Bad HTTP status: 404 {"type":"invalid_request","code":"not_found","detail":"Not found.","attr":null} @ http://localhost:5173/node_modules/.vite/deps/@sentry_react.js?v=6976fc36:7054
[  366109ms] [ERROR] [PostHog.js] [RemoteConfig] Failed to fetch remote config from PostHog. @ http://localhost:5173/node_modules/.vite/deps/@sentry_react.js?v=6976fc36:7054
[  366109ms] [LOG] [PostHog.js] Persistence loaded sessionStorage {$sdk_debug_extensions_init_method: synchronous, $sdk_debug_extensions_init_time_ms: 0, $referrer: $direct, $referring_domain: $direct} @ http://localhost:5173/node_modules/.vite/deps/@sentry_react.js?v=6976fc36:7054
[  366109ms] [LOG] [PostHog.js] set_config {config: Object, oldConfig: Object, newConfig: Object} @ http://localhost:5173/node_modules/.vite/deps/@sentry_react.js?v=6976fc36:7054
[  366109ms] [WARNING] [PostHog.js] [Surveys] Flags not loaded yet. Not loading surveys. @ http://localhost:5173/node_modules/.vite/deps/@sentry_react.js?v=6976fc36:7054
[  366255ms] [ERROR] Failed to load resource: the server responded with a status of 401 () @ https://eu.posthog.com/flags/?v=2&ip=0&_=1775360183453&ver=1.359.1&compression=base64:0
[  366255ms] [WARNING] [PostHog.js] [RateLimiter] could not rate limit - continuing. Error: "Unexpected token 'T', "The provid"... is not valid JSON" {text: The provided API key is invalid or has expired. Please check your API key and try again.} @ http://localhost:5173/node_modules/.vite/deps/@sentry_react.js?v=6976fc36:7054
[  366255ms] [ERROR] [PostHog.js] Bad HTTP status: 401 The provided API key is invalid or has expired. Please check your API key and try again. @ http://localhost:5173/node_modules/.vite/deps/@sentry_react.js?v=6976fc36:7054
[  366255ms] [WARNING] [PostHog.js] [FeatureFlags] Using an older version of the feature flags endpoint. Please upgrade your PostHog server to the latest version @ http://localhost:5173/node_modules/.vite/deps/@sentry_react.js?v=6976fc36:7054
[  666260ms] [ERROR] Failed to load resource: the server responded with a status of 401 () @ https://eu.posthog.com/flags/?v=2&ip=0&_=1775360483461&ver=1.359.1&compression=base64:0
[  666263ms] [WARNING] [PostHog.js] [RateLimiter] could not rate limit - continuing. Error: "Unexpected token 'T', "The provid"... is not valid JSON" {text: The provided API key is invalid or has expired. Please check your API key and try again.} @ http://localhost:5173/node_modules/.vite/deps/@sentry_react.js?v=6976fc36:7054
[  666264ms] [ERROR] [PostHog.js] Bad HTTP status: 401 The provided API key is invalid or has expired. Please check your API key and try again. @ http://localhost:5173/node_modules/.vite/deps/@sentry_react.js?v=6976fc36:7054
[  666265ms] [WARNING] [PostHog.js] [FeatureFlags] Using an older version of the feature flags endpoint. Please upgrade your PostHog server to the latest version @ http://localhost:5173/node_modules/.vite/deps/@sentry_react.js?v=6976fc36:7054
[  966981ms] [ERROR] Failed to load resource: the server responded with a status of 401 () @ https://eu.posthog.com/flags/?v=2&ip=0&_=1775360783474&ver=1.359.1&compression=base64:0
[  966989ms] [WARNING] [PostHog.js] [RateLimiter] could not rate limit - continuing. Error: "Unexpected token 'T', "The provid"... is not valid JSON" {text: The provided API key is invalid or has expired. Please check your API key and try again.} @ http://localhost:5173/node_modules/.vite/deps/@sentry_react.js?v=6976fc36:7054
[  966990ms] [ERROR] [PostHog.js] Bad HTTP status: 401 The provided API key is invalid or has expired. Please check your API key and try again. @ http://localhost:5173/node_modules/.vite/deps/@sentry_react.js?v=6976fc36:7054
[  966992ms] [WARNING] [PostHog.js] [FeatureFlags] Using an older version of the feature flags endpoint. Please upgrade your PostHog server to the latest version @ http://localhost:5173/node_modules/.vite/deps/@sentry_react.js?v=6976fc36:7054
[ 1266333ms] [ERROR] Failed to load resource: the server responded with a status of 401 () @ https://eu.posthog.com/flags/?v=2&ip=0&_=1775361083468&ver=1.359.1&compression=base64:0
[ 1266343ms] [WARNING] [PostHog.js] [RateLimiter] could not rate limit - continuing. Error: "Unexpected token 'T', "The provid"... is not valid JSON" {text: The provided API key is invalid or has expired. Please check your API key and try again.} @ http://localhost:5173/node_modules/.vite/deps/@sentry_react.js?v=6976fc36:7054
[ 1266343ms] [ERROR] [PostHog.js] Bad HTTP status: 401 The provided API key is invalid or has expired. Please check your API key and try again. @ http://localhost:5173/node_modules/.vite/deps/@sentry_react.js?v=6976fc36:7054
[ 1266344ms] [WARNING] [PostHog.js] [FeatureFlags] Using an older version of the feature flags endpoint. Please upgrade your PostHog server to the latest version @ http://localhost:5173/node_modules/.vite/deps/@sentry_react.js?v=6976fc36:7054
[ 1566270ms] [ERROR] Failed to load resource: the server responded with a status of 401 () @ https://eu.posthog.com/flags/?v=2&ip=0&_=1775361383463&ver=1.359.1&compression=base64:0
[ 1566272ms] [WARNING] [PostHog.js] [RateLimiter] could not rate limit - continuing. Error: "Unexpected token 'T', "The provid"... is not valid JSON" {text: The provided API key is invalid or has expired. Please check your API key and try again.} @ http://localhost:5173/node_modules/.vite/deps/@sentry_react.js?v=6976fc36:7054
[ 1566273ms] [ERROR] [PostHog.js] Bad HTTP status: 401 The provided API key is invalid or has expired. Please check your API key and try again. @ http://localhost:5173/node_modules/.vite/deps/@sentry_react.js?v=6976fc36:7054
[ 1566274ms] [WARNING] [PostHog.js] [FeatureFlags] Using an older version of the feature flags endpoint. Please upgrade your PostHog server to the latest version @ http://localhost:5173/node_modules/.vite/deps/@sentry_react.js?v=6976fc36:7054
