[    1091ms] [INFO] %cDownload the React DevTools for a better development experience: https://reactjs.org/link/react-devtools font-weight:bold @ http://localhost:5174/node_modules/.vite/deps/chunk-SXRIVT2P.js?v=6976fc36:21608
[    1176ms] [LOG] [Auth] Initializing... @ http://localhost:5174/src/context/AuthContext.tsx:135
[    1177ms] [LOG] [Auth] Initializing... @ http://localhost:5174/src/context/AuthContext.tsx:135
[    1178ms] [LOG] [Auth] Auth gates cleared, initializing app. @ http://localhost:5174/src/context/AuthContext.tsx:128
[    1182ms] [LOG] You're now in debug mode. All calls to PostHog will be logged in your console.
You can disable this with `posthog.debug(false)`. @ http://localhost:5174/node_modules/.vite/deps/posthog-js.js?v=6976fc36:2880
[    1182ms] [LOG] [PostHog.js] set_config {config: Object, oldConfig: Object, newConfig: Object} @ http://localhost:5174/node_modules/.vite/deps/posthog-js.js?v=6976fc36:552
[    1239ms] [LOG] [Auth] onAuthStateChange: INITIAL_SESSION @ http://localhost:5174/node_modules/.vite/deps/@sentry_react.js?v=6976fc36:7054
[    1264ms] [LOG] [PostHog.js] [SessionId] new session ID generated {sessionId: 019d80f1-a35e-7e63-baa5-5eaaa16f45e6, windowId: 019d80f1-a35e-7e63-baa5-5eabc73b1cc2, changeReason: Object} @ http://localhost:5174/node_modules/.vite/deps/@sentry_react.js?v=6976fc36:7054
[    1265ms] [LOG] [PostHog.js] send "$pageview" {uuid: 019d80f1-a34e-7553-9cbc-d42389f1d0bc, event: $pageview, properties: Object, timestamp: Sun Apr 12 2026 13:06:52 GMT+0400 (Gulf Standard Time)} @ http://localhost:5174/node_modules/.vite/deps/@sentry_react.js?v=6976fc36:7054
[    1280ms] [WARNING] <meta name="apple-mobile-web-app-capable" content="yes"> is deprecated. Please include <meta name="mobile-web-app-capable" content="yes"> @ http://localhost:5174/test-landingpage:0
[    1675ms] [ERROR] Failed to load resource: the server responded with a status of 404 () @ https://eu-assets.i.posthog.com/array/phc_LUT7IC9GM2aRYnjGLMsAons1ofqf4XKOXP5avbQwkxF/config.js:0
[    1676ms] [ERROR] Refused to execute script from 'https://eu-assets.i.posthog.com/array/phc_LUT7IC9GM2aRYnjGLMsAons1ofqf4XKOXP5avbQwkxF/config.js' because its MIME type ('application/json') is not executable, and strict MIME type checking is enabled. @ http://localhost:5174/test-landingpage:0
[    1725ms] [LOG] [PostHog.js] [RemoteConfig] No config found after loading remote JS config. Falling back to JSON. @ http://localhost:5174/node_modules/.vite/deps/@sentry_react.js?v=6976fc36:7054
[    1885ms] [ERROR] Failed to load resource: the server responded with a status of 404 () @ https://eu-assets.i.posthog.com/array/phc_LUT7IC9GM2aRYnjGLMsAons1ofqf4XKOXP5avbQwkxF/config?ip=0&_=1775984813356&ver=1.359.1:0
[    1888ms] [ERROR] [PostHog.js] Bad HTTP status: 404 {"type":"invalid_request","code":"not_found","detail":"Not found.","attr":null} @ http://localhost:5174/node_modules/.vite/deps/@sentry_react.js?v=6976fc36:7054
[    1888ms] [ERROR] [PostHog.js] [RemoteConfig] Failed to fetch remote config from PostHog. @ http://localhost:5174/node_modules/.vite/deps/@sentry_react.js?v=6976fc36:7054
[    1889ms] [LOG] [PostHog.js] Persistence loaded sessionStorage {$sdk_debug_extensions_init_method: synchronous, $sdk_debug_extensions_init_time_ms: 1, $referrer: $direct, $referring_domain: $direct} @ http://localhost:5174/node_modules/.vite/deps/@sentry_react.js?v=6976fc36:7054
[    1890ms] [LOG] [PostHog.js] set_config {config: Object, oldConfig: Object, newConfig: Object} @ http://localhost:5174/node_modules/.vite/deps/@sentry_react.js?v=6976fc36:7054
[    1890ms] [WARNING] [PostHog.js] [Surveys] Flags not loaded yet. Not loading surveys. @ http://localhost:5174/node_modules/.vite/deps/@sentry_react.js?v=6976fc36:7054
[    2181ms] [WARNING] Please ensure that the container has a non-static position, like 'relative', 'fixed', or 'absolute' to ensure scroll offset is calculated correctly. @ http://localhost:5174/node_modules/.vite/deps/@sentry_react.js?v=6976fc36:7054
[    2541ms] [ERROR] Failed to load resource: the server responded with a status of 401 () @ https://eu.posthog.com/flags/?v=2&ip=0&_=1775984813528&ver=1.359.1&compression=base64:0
[    2542ms] [WARNING] [PostHog.js] [RateLimiter] could not rate limit - continuing. Error: "Unexpected token 'T', "The provid"... is not valid JSON" {text: The provided API key is invalid or has expired. Please check your API key and try again.} @ http://localhost:5174/node_modules/.vite/deps/@sentry_react.js?v=6976fc36:7054
[    2542ms] [ERROR] [PostHog.js] Bad HTTP status: 401 The provided API key is invalid or has expired. Please check your API key and try again. @ http://localhost:5174/node_modules/.vite/deps/@sentry_react.js?v=6976fc36:7054
[    2542ms] [WARNING] [PostHog.js] [FeatureFlags] Using an older version of the feature flags endpoint. Please upgrade your PostHog server to the latest version @ http://localhost:5174/node_modules/.vite/deps/@sentry_react.js?v=6976fc36:7054
[  302051ms] [ERROR] Failed to load resource: the server responded with a status of 401 () @ https://eu.posthog.com/flags/?v=2&ip=0&_=1775985113535&ver=1.359.1&compression=base64:0
[  302054ms] [WARNING] [PostHog.js] [RateLimiter] could not rate limit - continuing. Error: "Unexpected token 'T', "The provid"... is not valid JSON" {text: The provided API key is invalid or has expired. Please check your API key and try again.} @ http://localhost:5174/node_modules/.vite/deps/@sentry_react.js?v=6976fc36:7054
[  302057ms] [ERROR] [PostHog.js] Bad HTTP status: 401 The provided API key is invalid or has expired. Please check your API key and try again. @ http://localhost:5174/node_modules/.vite/deps/@sentry_react.js?v=6976fc36:7054
[  302058ms] [WARNING] [PostHog.js] [FeatureFlags] Using an older version of the feature flags endpoint. Please upgrade your PostHog server to the latest version @ http://localhost:5174/node_modules/.vite/deps/@sentry_react.js?v=6976fc36:7054
[  420957ms] [LOG] [PostHog.js] send "$pageleave" {uuid: 019d80f8-0ac7-75c1-8df8-0dac743a7335, event: $pageleave, properties: Object, timestamp: Sun Apr 12 2026 13:13:52 GMT+0400 (Gulf Standard Time)} @ http://localhost:5174/node_modules/.vite/deps/@sentry_react.js?v=6976fc36:7054
